Arguments: 
  /usr/local/Cellar/node/12.12.0/bin/node /usr/local/Cellar/yarn/1.17.3/libexec/bin/yarn.js

PATH: 
  /Users/michaelstromer/.rbenv/shims:/usr/local/opt/ruby/bin:/usr/local/opt/ruby/bin:/Users/michaelstromer/.npm-global/bin:/Users/michaelstromer/.fastlane/bin:/usr/local/opt/python/libexec/bin:/usr/local/bin:/usr/bin:/bin:/usr/sbin:/sbin:/Applications/Postgres.app/Contents/Versions/latest/bin:/Users/michaelstromer/Library/Android/sdk/emulator:/Users/michaelstromer/Library/Android/sdk/platform-tools:/Users/michaelstromer/Library/Android/sdk/tools:/Users/michaelstromer/Library/Android/sdk/tools/bin

Yarn version: 
  1.17.3

Node version: 
  12.12.0

Platform: 
  darwin x64

Trace: 
  SyntaxError: /Users/michaelstromer/express/reddit-api/package.json: Unexpected token } in JSON at position 458
      at JSON.parse (<anonymous>)
      at /usr/local/Cellar/yarn/1.17.3/libexec/lib/cli.js:1625:59
      at Generator.next (<anonymous>)
      at step (/usr/local/Cellar/yarn/1.17.3/libexec/lib/cli.js:304:30)
      at /usr/local/Cellar/yarn/1.17.3/libexec/lib/cli.js:315:13

npm manifest: 
  {
    "name": "server",
    "version": "1.0.0",
    "main": "index.js",
    "license": "MIT",
    "scripts": {
      "start": "node server.js",
      "dev": "nodemon server.js",
      "db:reset": "npx sequelize-cli db:drop && npx sequelize-cli db:create && npx sequelize-cli db:migrate && npx sequelize-cli db:seed:all"
    },
    "dependencies": {
      "graphql-yoga": "1.18.3",
      "graphql-postgres-subscriptions": "^1.0.5",
      "pg": "^7.12.1",
      "sequelize": "^5.21.2",
    },
    "devDependencies": {
      "nodemon": "^1.19.4",
      "sequelize-cli": "^5.5.1"
    }
  }

yarn manifest: 
  No manifest

Lockfile: 
  No lockfile
